<?xml version="1.0" encoding="UTF-8"?>
<testsuite xmlns:xsi="http://www.w3.org/2001/XMLSchema-instance" xsi:noNamespaceSchemaLocation="https://maven.apache.org/surefire/maven-surefire-plugin/xsd/surefire-test-report-3.0.xsd" version="3.0" name="se.yrgo.TodoApplicationTest" time="28.12" tests="7" errors="0" skipped="0" failures="0">
  <properties>
[...]
</properties>
  <testcase name="markTodoAsDone" classname="se.yrgo.TodoApplicationTest" time="3.959">
    <system-err><![CDATA[[main] INFO io.github.bonigarcia.wdm.WebDriverManager - Reading https://api.github.com/repos/mozilla/geckodriver/releases to seek geckodriver
[main] INFO io.github.bonigarcia.wdm.WebDriverManager - No proper driver found for geckodriver (latest version) ... seeking another version
[main] INFO io.github.bonigarcia.wdm.WebDriverManager - No proper driver found for geckodriver (latest version) ... seeking another version
[main] INFO io.github.bonigarcia.wdm.WebDriverManager - Exporting webdriver.gecko.driver as C:\Users\linus\.cache\selenium\geckodriver\win64\0.34.0-win\geckodriver.exe
1714095768591	geckodriver	INFO	Listening on 127.0.0.1:56763
1714095768776	mozrunner::runner	INFO	Running command: "C:\\Program Files\\Mozilla Firefox\\firefox.exe" "--marionette" "--remote-debugging-port" "57731" "--remote-allow-hosts" "localhost" "-no-remote" "-profile" "C:\\Users\\linus\\AppData\\Local\\Temp\\rust_mozprofileXnqFtY"
console.warn: services.settings: Ignoring preference override of remote settings server
console.warn: services.settings: Allow by setting MOZ_REMOTE_SETTINGS_DEVTOOLS=1 in the environment
Dynamically enable window occlusion 0
1714095768999	Marionette	INFO	Marionette enabled
1714095769064	Marionette	INFO	Listening on port 54927
WebDriver BiDi listening on ws://127.0.0.1:57731
Read port: 54927
1714095769177	RemoteAgent	WARN	TLS certificate errors will be ignored for this session
DevTools listening on ws://127.0.0.1:57731/devtools/browser/b42a4389-e660-40e5-9b6c-cdbfc333c643
Apr 26, 2024 3:42:50 AM org.openqa.selenium.remote.ProtocolHandshake createSession
INFO: Detected dialect: W3C
1714095771305	Marionette	INFO	Stopped listening on port 54927
Dynamically enable window occlusion 1
]]></system-err>
  </testcase>
  <testcase name="markDoneTodoAsNotDone" classname="se.yrgo.TodoApplicationTest" time="3.638">
    <system-err><![CDATA[1714095772304	geckodriver	INFO	Listening on 127.0.0.1:62100
1714095772329	mozrunner::runner	INFO	Running command: "C:\\Program Files\\Mozilla Firefox\\firefox.exe" "--marionette" "--remote-debugging-port" "52703" "--remote-allow-hosts" "localhost" "-no-remote" "-profile" "C:\\Users\\linus\\AppData\\Local\\Temp\\rust_mozprofile2C2Btj"
console.warn: services.settings: Ignoring preference override of remote settings server
console.warn: services.settings: Allow by setting MOZ_REMOTE_SETTINGS_DEVTOOLS=1 in the environment
Dynamically enable window occlusion 0
1714095772544	Marionette	INFO	Marionette enabled
1714095772611	Marionette	INFO	Listening on port 54969
WebDriver BiDi listening on ws://127.0.0.1:52703
Read port: 54969
1714095772723	RemoteAgent	WARN	TLS certificate errors will be ignored for this session
DevTools listening on ws://127.0.0.1:52703/devtools/browser/3d327c4b-3a5b-48ae-8dc2-a592ca9625e3
Apr 26, 2024 3:42:53 AM org.openqa.selenium.remote.ProtocolHandshake createSession
INFO: Detected dialect: W3C
1714095775274	Marionette	INFO	Stopped listening on port 54969
Dynamically enable window occlusion 1
]]></system-err>
  </testcase>
  <testcase name="deleteDoneTodo" classname="se.yrgo.TodoApplicationTest" time="3.527">
    <system-err><![CDATA[1714095775942	geckodriver	INFO	Listening on 127.0.0.1:60777
1714095775955	mozrunner::runner	INFO	Running command: "C:\\Program Files\\Mozilla Firefox\\firefox.exe" "--marionette" "--remote-debugging-port" "51092" "--remote-allow-hosts" "localhost" "-no-remote" "-profile" "C:\\Users\\linus\\AppData\\Local\\Temp\\rust_mozprofilenGarGK"
console.warn: services.settings: Ignoring preference override of remote settings server
console.warn: services.settings: Allow by setting MOZ_REMOTE_SETTINGS_DEVTOOLS=1 in the environment
Dynamically enable window occlusion 0
1714095776170	Marionette	INFO	Marionette enabled
1714095776234	Marionette	INFO	Listening on port 55015
WebDriver BiDi listening on ws://127.0.0.1:51092
Read port: 55015
1714095776350	RemoteAgent	WARN	TLS certificate errors will be ignored for this session
DevTools listening on ws://127.0.0.1:51092/devtools/browser/7de7008b-d3d2-4753-bf87-6ef5953db2c7
Apr 26, 2024 3:42:57 AM org.openqa.selenium.remote.ProtocolHandshake createSession
INFO: Detected dialect: W3C
1714095778438	Marionette	INFO	Stopped listening on port 55015
Dynamically enable window occlusion 1
]]></system-err>
  </testcase>
  <testcase name="addNewTodo" classname="se.yrgo.TodoApplicationTest" time="3.778">
    <system-err><![CDATA[1714095779470	geckodriver	INFO	Listening on 127.0.0.1:63419
1714095779491	mozrunner::runner	INFO	Running command: "C:\\Program Files\\Mozilla Firefox\\firefox.exe" "--marionette" "--remote-debugging-port" "52749" "--remote-allow-hosts" "localhost" "-no-remote" "-profile" "C:\\Users\\linus\\AppData\\Local\\Temp\\rust_mozprofileUgnj4A"
console.warn: services.settings: Ignoring preference override of remote settings server
console.warn: services.settings: Allow by setting MOZ_REMOTE_SETTINGS_DEVTOOLS=1 in the environment
Dynamically enable window occlusion 0
1714095779714	Marionette	INFO	Marionette enabled
1714095779780	Marionette	INFO	Listening on port 55053
WebDriver BiDi listening on ws://127.0.0.1:52749
Read port: 55053
1714095779893	RemoteAgent	WARN	TLS certificate errors will be ignored for this session
DevTools listening on ws://127.0.0.1:52749/devtools/browser/a06cf261-70ba-4b1f-a4be-6c4149944c99
Apr 26, 2024 3:43:01 AM org.openqa.selenium.remote.ProtocolHandshake createSession
INFO: Detected dialect: W3C
1714095781569	Marionette	INFO	Stopped listening on port 55053
Dynamically enable window occlusion 1
]]></system-err>
  </testcase>
  <testcase name="undoneTasksOnFirstPageCheck" classname="se.yrgo.TodoApplicationTest" time="3.499">
    <system-err><![CDATA[1714095783248	geckodriver	INFO	Listening on 127.0.0.1:55225
1714095783269	mozrunner::runner	INFO	Running command: "C:\\Program Files\\Mozilla Firefox\\firefox.exe" "--marionette" "--remote-debugging-port" "57420" "--remote-allow-hosts" "localhost" "-no-remote" "-profile" "C:\\Users\\linus\\AppData\\Local\\Temp\\rust_mozprofileOcqINZ"
console.warn: services.settings: Ignoring preference override of remote settings server
console.warn: services.settings: Allow by setting MOZ_REMOTE_SETTINGS_DEVTOOLS=1 in the environment
Dynamically enable window occlusion 0
1714095783485	Marionette	INFO	Marionette enabled
1714095783552	Marionette	INFO	Listening on port 55090
WebDriver BiDi listening on ws://127.0.0.1:57420
Read port: 55090
1714095783658	RemoteAgent	WARN	TLS certificate errors will be ignored for this session
DevTools listening on ws://127.0.0.1:57420/devtools/browser/12cb9a53-f63d-4ed6-9779-91d83a000876
Apr 26, 2024 3:43:04 AM org.openqa.selenium.remote.ProtocolHandshake createSession
INFO: Detected dialect: W3C
1714095785016	Marionette	INFO	Stopped listening on port 55090
Dynamically enable window occlusion 1
]]></system-err>
  </testcase>
  <testcase name="doneTasksOnFirstPageCheck" classname="se.yrgo.TodoApplicationTest" time="3.85">
    <system-err><![CDATA[1714095786754	geckodriver	INFO	Listening on 127.0.0.1:51142
1714095786782	mozrunner::runner	INFO	Running command: "C:\\Program Files\\Mozilla Firefox\\firefox.exe" "--marionette" "--remote-debugging-port" "54643" "--remote-allow-hosts" "localhost" "-no-remote" "-profile" "C:\\Users\\linus\\AppData\\Local\\Temp\\rust_mozprofileu0SlaM"
console.warn: services.settings: Ignoring preference override of remote settings server
console.warn: services.settings: Allow by setting MOZ_REMOTE_SETTINGS_DEVTOOLS=1 in the environment
Dynamically enable window occlusion 0
1714095787010	Marionette	INFO	Marionette enabled
1714095787089	Marionette	INFO	Listening on port 55140
WebDriver BiDi listening on ws://127.0.0.1:54643
Read port: 55140
1714095787234	RemoteAgent	WARN	TLS certificate errors will be ignored for this session
DevTools listening on ws://127.0.0.1:54643/devtools/browser/9f03bc1e-05c8-44a8-be9c-d8918c1d3fe3
Apr 26, 2024 3:43:08 AM org.openqa.selenium.remote.ProtocolHandshake createSession
INFO: Detected dialect: W3C
1714095788982	Marionette	INFO	Stopped listening on port 55140
Dynamically enable window occlusion 1
]]></system-err>
  </testcase>
  <testcase name="pageStateMaintainedWhenReloadingPage" classname="se.yrgo.TodoApplicationTest" time="5.099">
    <system-err><![CDATA[1714095790600	geckodriver	INFO	Listening on 127.0.0.1:61475
1714095790635	mozrunner::runner	INFO	Running command: "C:\\Program Files\\Mozilla Firefox\\firefox.exe" "--marionette" "--remote-debugging-port" "61383" "--remote-allow-hosts" "localhost" "-no-remote" "-profile" "C:\\Users\\linus\\AppData\\Local\\Temp\\rust_mozprofileWxcmtR"
console.warn: services.settings: Ignoring preference override of remote settings server
console.warn: services.settings: Allow by setting MOZ_REMOTE_SETTINGS_DEVTOOLS=1 in the environment
Dynamically enable window occlusion 0
1714095790857	Marionette	INFO	Marionette enabled
1714095790929	Marionette	INFO	Listening on port 55172
WebDriver BiDi listening on ws://127.0.0.1:61383
Read port: 55172
1714095791031	RemoteAgent	WARN	TLS certificate errors will be ignored for this session
DevTools listening on ws://127.0.0.1:61383/devtools/browser/bb961e9f-2aff-4f17-a590-7061046f13c7
Apr 26, 2024 3:43:12 AM org.openqa.selenium.remote.ProtocolHandshake createSession
INFO: Detected dialect: W3C
1714095794912	Marionette	INFO	Stopped listening on port 55172
Dynamically enable window occlusion 1
]]></system-err>
  </testcase>
</testsuite>