<?xml version="1.0" encoding="UTF-8"?>
<testsuite xmlns:xsi="http://www.w3.org/2001/XMLSchema-instance" xsi:noNamespaceSchemaLocation="https://maven.apache.org/surefire/maven-surefire-plugin/xsd/surefire-test-report-3.0.xsd" version="3.0" name="se.yrgo.libraryapp.IntegrationTest" time="1.011" tests="1" errors="0" skipped="0" failures="0">
  <properties>
[...]
</properties>
  <testcase name="shouldSayHi(int)" classname="se.yrgo.libraryapp.IntegrationTest" time="0.1">
    <system-out><![CDATA[[2024-04-21 15:48:40,612]-[main] INFO  com.zaxxer.hikari.HikariDataSource - h2. - Starting...
[2024-04-21 15:48:40,626]-[main] INFO  com.zaxxer.hikari.HikariDataSource - h2. - Start completed.
[2024-04-21 15:48:40,627]-[main] INFO  org.flywaydb.core.internal.license.VersionPrinter - Flyway Community Edition 7.5.1 by Redgate
[2024-04-21 15:48:40,631]-[main] INFO  org.flywaydb.core.internal.database.base.DatabaseType - Database: jdbc:h2:mem: (H2 1.4)
[2024-04-21 15:48:40,641]-[main] INFO  org.flywaydb.core.internal.command.DbValidate - Successfully validated 10 migrations (execution time 00:00.004s)
[2024-04-21 15:48:40,642]-[main] INFO  org.flywaydb.core.internal.schemahistory.JdbcTableSchemaHistory - Creating Schema History table "PUBLIC"."flyway_schema_history" ...
[2024-04-21 15:48:40,647]-[main] INFO  org.flywaydb.core.internal.command.DbMigrate - Current version of schema "PUBLIC": << Empty Schema >>
[2024-04-21 15:48:40,649]-[main] INFO  org.flywaydb.core.internal.command.DbMigrate - Migrating schema "PUBLIC" to version "1 - baseline"
[2024-04-21 15:48:40,654]-[main] INFO  org.flywaydb.core.internal.command.DbMigrate - Migrating schema "PUBLIC" to version "1.0.1 - test data"
[2024-04-21 15:48:40,661]-[main] INFO  org.flywaydb.core.internal.command.DbMigrate - Migrating schema "PUBLIC" to version "1.0.1655380356 - roles"
[2024-04-21 15:48:40,672]-[main] INFO  org.flywaydb.core.internal.command.DbMigrate - Migrating schema "PUBLIC" to version "1.0.1655380357 - roles test data"
[2024-04-21 15:48:40,678]-[main] INFO  org.flywaydb.core.internal.command.DbMigrate - Migrating schema "PUBLIC" to version "1.0.1656415382 - books"
[2024-04-21 15:48:40,686]-[main] INFO  org.flywaydb.core.internal.command.DbMigrate - Migrating schema "PUBLIC" to version "1.0.1656415572 - books test data"
[2024-04-21 15:48:40,691]-[main] INFO  org.flywaydb.core.internal.command.DbMigrate - Migrating schema "PUBLIC" to version "1.0.1656503798 - more books"
[2024-04-21 15:48:40,695]-[main] INFO  org.flywaydb.core.internal.command.DbMigrate - Migrating schema "PUBLIC" to version "1.0.1656581560 - make user unique"
[2024-04-21 15:48:40,700]-[main] INFO  org.flywaydb.core.internal.command.DbMigrate - Migrating schema "PUBLIC" to version "1.0.1656939211 - realname"
[2024-04-21 15:48:40,709]-[main] INFO  org.flywaydb.core.internal.command.DbMigrate - Migrating schema "PUBLIC" to version "1.0.1656939220 - realname"
[2024-04-21 15:48:40,714]-[main] INFO  org.flywaydb.core.internal.command.DbMigrate - Successfully applied 10 migrations to schema "PUBLIC" (execution time 00:00.067s)
[2024-04-21 15:48:41,324]-[main] INFO  se.yrgo.libraryapp.App - App started with:
[2024-04-21 15:48:41,324]-[main] INFO  se.yrgo.libraryapp.App -     PID: 19804
[2024-04-21 15:48:41,324]-[main] INFO  se.yrgo.libraryapp.App -     netty {port: 8911, ioThreads: 32, workerThreads: 128, bufferSize: 16384, maxRequestSize: 10485760, httpsOnly: false}
[2024-04-21 15:48:41,325]-[main] INFO  se.yrgo.libraryapp.App -     env: [test]
[2024-04-21 15:48:41,325]-[main] INFO  se.yrgo.libraryapp.App -     execution mode: default
[2024-04-21 15:48:41,325]-[main] INFO  se.yrgo.libraryapp.App -     user: linus
[2024-04-21 15:48:41,325]-[main] INFO  se.yrgo.libraryapp.App -     app dir: C:\Users\linus\Documents\html\TestOSakerhet\3\2\ts_library\backend
[2024-04-21 15:48:41,325]-[main] INFO  se.yrgo.libraryapp.App -     tmp dir: C:\Users\linus\Documents\html\TestOSakerhet\3\2\ts_library\backend\tmp
[2024-04-21 15:48:41,325]-[main] INFO  se.yrgo.libraryapp.App - routes: 

  GET  /login/check
  POST /login
  GET  /logout
  POST /logout
  GET  /books
  GET  /register/available
  POST /register
  GET  /classifications
  GET  /callback
  POST /callback
  GET  /p4jlogout
  GET  /callback
  POST /callback
  GET  /p4jlogout
  GET  /callback
  POST /callback
  GET  /p4jlogout
  GET  /admin/users/{id}
  GET  /admin/books/{id}
  GET  /admin/loan/overdue
  POST /admin/loan/lend
  POST /admin/loan/return
  GET  /user/loans

listening on:
  http://localhost:8911/

[2024-04-21 15:48:41,527]-[worker-1-1] INFO  io.jooby.AccessLogHandler - 127.0.0.1 - - [21/Apr/2024:15:48:41 +0200] "GET /logout HTTP/1.1" 200 0 16
]]></system-out>
  </testcase>
</testsuite>