<?xml version="1.0" encoding="UTF-8"?>
<testsuite xmlns:xsi="http://www.w3.org/2001/XMLSchema-instance" xsi:noNamespaceSchemaLocation="https://maven.apache.org/surefire/maven-surefire-plugin/xsd/surefire-test-report-3.0.xsd" version="3.0" name="se.yrgo.libraryapp.validators.RealNameTest" time="0.146" tests="11" errors="0" skipped="0" failures="0">
  <properties>
[...]
</properties>
  <testcase name="invalidRealNames(String)[1]" classname="se.yrgo.libraryapp.validators.RealNameTest" time="0.022"/>
  <testcase name="invalidRealNames(String)[2]" classname="se.yrgo.libraryapp.validators.RealNameTest" time="0.001"/>
  <testcase name="invalidRealNames(String)[3]" classname="se.yrgo.libraryapp.validators.RealNameTest" time="0.001"/>
  <testcase name="invalidRealNames(String)[4]" classname="se.yrgo.libraryapp.validators.RealNameTest" time="0.001"/>
  <testcase name="invalidRealNames(String)[5]" classname="se.yrgo.libraryapp.validators.RealNameTest" time="0"/>
  <testcase name="nullRealName(String)[1]" classname="se.yrgo.libraryapp.validators.RealNameTest" time="0.004">
    <system-out><![CDATA[[2024-03-14 15:06:52,516]-[main] INFO  se.yrgo.libraryapp.validators.RealNameTest - Running nullRealName with name: null, Result: false
]]></system-out>
  </testcase>
  <testcase name="singleCharacterRealName(String)[1]" classname="se.yrgo.libraryapp.validators.RealNameTest" time="0"/>
  <testcase name="veryLongRealName" classname="se.yrgo.libraryapp.validators.RealNameTest" time="0.002"/>
  <testcase name="validRealNames(String)[1]" classname="se.yrgo.libraryapp.validators.RealNameTest" time="0.001"/>
  <testcase name="validRealNames(String)[2]" classname="se.yrgo.libraryapp.validators.RealNameTest" time="0.001"/>
  <testcase name="validRealNames(String)[3]" classname="se.yrgo.libraryapp.validators.RealNameTest" time="0"/>
</testsuite>