<?xml version="1.0" encoding="UTF-8"?>
<testsuite xmlns:xsi="http://www.w3.org/2001/XMLSchema-instance" xsi:noNamespaceSchemaLocation="https://maven.apache.org/surefire/maven-surefire-plugin/xsd/surefire-test-report-3.0.xsd" version="3.0" name="se.yrgo.libraryapp.dao.UserDaoIntegrationTest" time="0.944" tests="2" errors="0" skipped="0" failures="0">
  <properties>
[...]
</properties>
  <testcase name="registerUser" classname="se.yrgo.libraryapp.dao.UserDaoIntegrationTest" time="0.26">
    <system-out><![CDATA[[2024-04-21 15:48:39,085]-[main] INFO  org.flywaydb.core.internal.license.VersionPrinter - Flyway Community Edition 7.5.1 by Redgate
[2024-04-21 15:48:39,090]-[main] ERROR org.flywaydb.core.internal.scanner.classpath.ClassPathScanner - Unable to resolve location classpath:db/se/yrgo/libraryapp/dao/UserDaoIntegrationTest.
[2024-04-21 15:48:39,211]-[main] INFO  org.flywaydb.core.internal.database.base.DatabaseType - Database: jdbc:h2:mem:test (H2 1.4)
[2024-04-21 15:48:39,254]-[main] INFO  org.flywaydb.core.internal.command.DbClean - Successfully dropped pre-schema database level objects (execution time 00:00.002s)
[2024-04-21 15:48:39,258]-[main] INFO  org.flywaydb.core.internal.command.DbClean - Successfully cleaned schema "PUBLIC" (execution time 00:00.003s)
[2024-04-21 15:48:39,259]-[main] INFO  org.flywaydb.core.internal.command.DbClean - Successfully dropped post-schema database level objects (execution time 00:00.000s)
[2024-04-21 15:48:39,263]-[main] INFO  org.flywaydb.core.internal.license.VersionPrinter - Flyway Community Edition 7.5.1 by Redgate
[2024-04-21 15:48:39,264]-[main] ERROR org.flywaydb.core.internal.scanner.classpath.ClassPathScanner - Unable to resolve location classpath:db/se/yrgo/libraryapp/dao/UserDaoIntegrationTest.
[2024-04-21 15:48:39,284]-[main] INFO  org.flywaydb.core.internal.command.DbValidate - Successfully validated 10 migrations (execution time 00:00.015s)
[2024-04-21 15:48:39,292]-[main] INFO  org.flywaydb.core.internal.schemahistory.JdbcTableSchemaHistory - Creating Schema History table "PUBLIC"."flyway_schema_history" ...
[2024-04-21 15:48:39,327]-[main] INFO  org.flywaydb.core.internal.command.DbMigrate - Current version of schema "PUBLIC": << Empty Schema >>
[2024-04-21 15:48:39,331]-[main] INFO  org.flywaydb.core.internal.command.DbMigrate - Migrating schema "PUBLIC" to version "1 - baseline"
[2024-04-21 15:48:39,368]-[main] INFO  org.flywaydb.core.internal.command.DbMigrate - Migrating schema "PUBLIC" to version "1.0.1 - test data"
[2024-04-21 15:48:39,383]-[main] INFO  org.flywaydb.core.internal.command.DbMigrate - Migrating schema "PUBLIC" to version "1.0.1655380356 - roles"
[2024-04-21 15:48:39,395]-[main] INFO  org.flywaydb.core.internal.command.DbMigrate - Migrating schema "PUBLIC" to version "1.0.1655380357 - roles test data"
[2024-04-21 15:48:39,406]-[main] INFO  org.flywaydb.core.internal.command.DbMigrate - Migrating schema "PUBLIC" to version "1.0.1656415382 - books"
[2024-04-21 15:48:39,426]-[main] INFO  org.flywaydb.core.internal.command.DbMigrate - Migrating schema "PUBLIC" to version "1.0.1656415572 - books test data"
[2024-04-21 15:48:39,440]-[main] INFO  org.flywaydb.core.internal.command.DbMigrate - Migrating schema "PUBLIC" to version "1.0.1656503798 - more books"
[2024-04-21 15:48:39,453]-[main] INFO  org.flywaydb.core.internal.command.DbMigrate - Migrating schema "PUBLIC" to version "1.0.1656581560 - make user unique"
[2024-04-21 15:48:39,461]-[main] INFO  org.flywaydb.core.internal.command.DbMigrate - Migrating schema "PUBLIC" to version "1.0.1656939211 - realname"
[2024-04-21 15:48:39,479]-[main] INFO  org.flywaydb.core.internal.command.DbMigrate - Migrating schema "PUBLIC" to version "1.0.1656939220 - realname"
[2024-04-21 15:48:39,491]-[main] INFO  org.flywaydb.core.internal.command.DbMigrate - Successfully applied 10 migrations to schema "PUBLIC" (execution time 00:00.170s)
[2024-04-21 15:48:39,542]-[main] INFO  org.flywaydb.core.internal.license.VersionPrinter - Flyway Community Edition 7.5.1 by Redgate
[2024-04-21 15:48:39,544]-[main] ERROR org.flywaydb.core.internal.scanner.classpath.ClassPathScanner - Unable to resolve location classpath:db/se/yrgo/libraryapp/dao/UserDaoIntegrationTest.
[2024-04-21 15:48:39,544]-[main] INFO  org.flywaydb.core.internal.database.base.DatabaseType - Database: jdbc:h2:mem:test (H2 1.4)
[2024-04-21 15:48:39,555]-[main] INFO  org.flywaydb.core.internal.command.DbValidate - Successfully validated 10 migrations (execution time 00:00.009s)
[2024-04-21 15:48:39,562]-[main] INFO  org.flywaydb.core.internal.command.DbMigrate - Current version of schema "PUBLIC": 1.0.1656939220
[2024-04-21 15:48:39,563]-[main] INFO  org.flywaydb.core.internal.command.DbMigrate - Schema "PUBLIC" is up to date. No migration necessary.
[2024-04-21 15:48:39,768]-[main] INFO  org.flywaydb.core.internal.license.VersionPrinter - Flyway Community Edition 7.5.1 by Redgate
[2024-04-21 15:48:39,770]-[main] ERROR org.flywaydb.core.internal.scanner.classpath.ClassPathScanner - Unable to resolve location classpath:db/se/yrgo/libraryapp/dao/UserDaoIntegrationTest.
[2024-04-21 15:48:39,771]-[main] INFO  org.flywaydb.core.internal.database.base.DatabaseType - Database: jdbc:h2:mem:test (H2 1.4)
[2024-04-21 15:48:39,775]-[main] INFO  org.flywaydb.core.internal.command.DbClean - Successfully dropped pre-schema database level objects (execution time 00:00.000s)
[2024-04-21 15:48:39,781]-[main] INFO  org.flywaydb.core.internal.command.DbClean - Successfully cleaned schema "PUBLIC" (execution time 00:00.005s)
[2024-04-21 15:48:39,781]-[main] INFO  org.flywaydb.core.internal.command.DbClean - Successfully dropped post-schema database level objects (execution time 00:00.000s)
]]></system-out>
  </testcase>
  <testcase name="getUserByName" classname="se.yrgo.libraryapp.dao.UserDaoIntegrationTest" time="0.122">
    <system-out><![CDATA[[2024-04-21 15:48:39,788]-[main] INFO  org.flywaydb.core.internal.license.VersionPrinter - Flyway Community Edition 7.5.1 by Redgate
[2024-04-21 15:48:39,790]-[main] ERROR org.flywaydb.core.internal.scanner.classpath.ClassPathScanner - Unable to resolve location classpath:db/se/yrgo/libraryapp/dao/UserDaoIntegrationTest.
[2024-04-21 15:48:39,790]-[main] INFO  org.flywaydb.core.internal.database.base.DatabaseType - Database: jdbc:h2:mem:test (H2 1.4)
[2024-04-21 15:48:39,798]-[main] INFO  org.flywaydb.core.internal.command.DbValidate - Successfully validated 10 migrations (execution time 00:00.005s)
[2024-04-21 15:48:39,801]-[main] INFO  org.flywaydb.core.internal.schemahistory.JdbcTableSchemaHistory - Creating Schema History table "PUBLIC"."flyway_schema_history" ...
[2024-04-21 15:48:39,811]-[main] INFO  org.flywaydb.core.internal.command.DbMigrate - Current version of schema "PUBLIC": << Empty Schema >>
[2024-04-21 15:48:39,814]-[main] INFO  org.flywaydb.core.internal.command.DbMigrate - Migrating schema "PUBLIC" to version "1 - baseline"
[2024-04-21 15:48:39,824]-[main] INFO  org.flywaydb.core.internal.command.DbMigrate - Migrating schema "PUBLIC" to version "1.0.1 - test data"
[2024-04-21 15:48:39,830]-[main] INFO  org.flywaydb.core.internal.command.DbMigrate - Migrating schema "PUBLIC" to version "1.0.1655380356 - roles"
[2024-04-21 15:48:39,841]-[main] INFO  org.flywaydb.core.internal.command.DbMigrate - Migrating schema "PUBLIC" to version "1.0.1655380357 - roles test data"
[2024-04-21 15:48:39,846]-[main] INFO  org.flywaydb.core.internal.command.DbMigrate - Migrating schema "PUBLIC" to version "1.0.1656415382 - books"
[2024-04-21 15:48:39,858]-[main] INFO  org.flywaydb.core.internal.command.DbMigrate - Migrating schema "PUBLIC" to version "1.0.1656415572 - books test data"
[2024-04-21 15:48:39,872]-[main] INFO  org.flywaydb.core.internal.command.DbMigrate - Migrating schema "PUBLIC" to version "1.0.1656503798 - more books"
[2024-04-21 15:48:39,878]-[main] INFO  org.flywaydb.core.internal.command.DbMigrate - Migrating schema "PUBLIC" to version "1.0.1656581560 - make user unique"
[2024-04-21 15:48:39,882]-[main] INFO  org.flywaydb.core.internal.command.DbMigrate - Migrating schema "PUBLIC" to version "1.0.1656939211 - realname"
[2024-04-21 15:48:39,889]-[main] INFO  org.flywaydb.core.internal.command.DbMigrate - Migrating schema "PUBLIC" to version "1.0.1656939220 - realname"
[2024-04-21 15:48:39,892]-[main] INFO  org.flywaydb.core.internal.command.DbMigrate - Successfully applied 10 migrations to schema "PUBLIC" (execution time 00:00.083s)
[2024-04-21 15:48:39,895]-[main] INFO  org.flywaydb.core.internal.license.VersionPrinter - Flyway Community Edition 7.5.1 by Redgate
[2024-04-21 15:48:39,896]-[main] ERROR org.flywaydb.core.internal.scanner.classpath.ClassPathScanner - Unable to resolve location classpath:db/se/yrgo/libraryapp/dao/UserDaoIntegrationTest.
[2024-04-21 15:48:39,896]-[main] INFO  org.flywaydb.core.internal.database.base.DatabaseType - Database: jdbc:h2:mem:test (H2 1.4)
[2024-04-21 15:48:39,899]-[main] INFO  org.flywaydb.core.internal.command.DbClean - Successfully dropped pre-schema database level objects (execution time 00:00.000s)
[2024-04-21 15:48:39,907]-[main] INFO  org.flywaydb.core.internal.command.DbClean - Successfully cleaned schema "PUBLIC" (execution time 00:00.007s)
[2024-04-21 15:48:39,907]-[main] INFO  org.flywaydb.core.internal.command.DbClean - Successfully dropped post-schema database level objects (execution time 00:00.000s)
]]></system-out>
  </testcase>
</testsuite>